<?xml version="1.0" encoding="UTF-8"?>
<testng-results skipped="0" failed="0" ignored="0" total="1" passed="1">
  <reporter-output>
  </reporter-output>
  <suite name="Default suite" duration-ms="4808" started-at="2019-11-26T19:02:57 IST" finished-at="2019-11-26T19:03:01 IST">
    <groups>
    </groups>
    <test name="Default test" duration-ms="4808" started-at="2019-11-26T19:02:57 IST" finished-at="2019-11-26T19:03:01 IST">
      <class name="demo.RestDemo.REstDemo.Basic3">
        <test-method status="PASS" signature="AddandDeletePlace()[pri:0, instance:demo.RestDemo.REstDemo.Basic3@1efed156]" name="AddandDeletePlace" duration-ms="4774" started-at="2019-11-26T19:02:57 IST" finished-at="2019-11-26T19:03:01 IST">
          <reporter-output>
          </reporter-output>
        </test-method> <!-- AddandDeletePlace -->
      </class> <!-- demo.RestDemo.REstDemo.Basic3 -->
    </test> <!-- Default test -->
  </suite> <!-- Default suite -->
</testng-results>
